2021-11-18 14:37:12.425 - Info	
Packing C:\Users\Findmore\Desktop\Dynamics\Samples\PCFs\PoweApps\canvasdnd\canvasdndSolution\obj\Debug\Metadata to bin\Debug\canvasdndSolution.zip

2021-11-18 14:37:12.436 - Info	Processing Component: Entities
2021-11-18 14:37:12.442 - Info	Processing Component: Roles
2021-11-18 14:37:12.445 - Info	Processing Component: Workflows
2021-11-18 14:37:12.446 - Info	Processing Component: FieldSecurityProfiles
2021-11-18 14:37:12.447 - Info	Processing Component: Templates
2021-11-18 14:37:12.449 - Info	Processing Component: EntityMaps
2021-11-18 14:37:12.450 - Info	Processing Component: EntityRelationships
2021-11-18 14:37:12.454 - Info	Processing Component: OrganizationSettings
2021-11-18 14:37:12.457 - Info	Processing Component: optionsets
2021-11-18 14:37:12.464 - Info	Processing Component: CustomControls
2021-11-18 14:37:12.474 - Info	 - canvasdnd.canvasdnd
2021-11-18 14:37:12.481 - Info	Processing Component: SolutionPluginAssemblies
2021-11-18 14:37:12.483 - Info	Processing Component: EntityDataProviders
2021-11-18 14:37:12.529 - Info	
Unmanaged Pack complete.

2021-11-19 15:15:51.241 - Info	
Packing C:\Users\Findmore\Desktop\Dynamics\Samples\PCFs\PoweApps\canvasdnd\canvasdndSolution\obj\Debug\Metadata to bin\Debug\canvasdndSolution.zip

2021-11-19 15:15:51.251 - Info	Processing Component: Entities
2021-11-19 15:15:51.255 - Info	Processing Component: Roles
2021-11-19 15:15:51.258 - Info	Processing Component: Workflows
2021-11-19 15:15:51.259 - Info	Processing Component: FieldSecurityProfiles
2021-11-19 15:15:51.260 - Info	Processing Component: Templates
2021-11-19 15:15:51.261 - Info	Processing Component: EntityMaps
2021-11-19 15:15:51.262 - Info	Processing Component: EntityRelationships
2021-11-19 15:15:51.267 - Info	Processing Component: OrganizationSettings
2021-11-19 15:15:51.268 - Info	Processing Component: optionsets
2021-11-19 15:15:51.269 - Info	Processing Component: CustomControls
2021-11-19 15:15:51.276 - Info	 - canvasdnd.canvasdnd
2021-11-19 15:15:51.282 - Info	Processing Component: SolutionPluginAssemblies
2021-11-19 15:15:51.284 - Info	Processing Component: EntityDataProviders
2021-11-19 15:15:51.304 - Info	
Unmanaged Pack complete.

2021-11-19 15:17:59.926 - Info	
Packing C:\Users\Findmore\Desktop\Dynamics\Samples\PCFs\PoweApps\canvasdnd\canvasdndSolution\obj\Debug\Metadata to bin\Debug\canvasdndSolution.zip

2021-11-19 15:17:59.937 - Info	Processing Component: Entities
2021-11-19 15:17:59.941 - Info	Processing Component: Roles
2021-11-19 15:17:59.944 - Info	Processing Component: Workflows
2021-11-19 15:17:59.945 - Info	Processing Component: FieldSecurityProfiles
2021-11-19 15:17:59.946 - Info	Processing Component: Templates
2021-11-19 15:17:59.948 - Info	Processing Component: EntityMaps
2021-11-19 15:17:59.949 - Info	Processing Component: EntityRelationships
2021-11-19 15:17:59.953 - Info	Processing Component: OrganizationSettings
2021-11-19 15:17:59.954 - Info	Processing Component: optionsets
2021-11-19 15:17:59.955 - Info	Processing Component: CustomControls
2021-11-19 15:17:59.963 - Info	 - canvasdnd.canvasdnd
2021-11-19 15:17:59.969 - Info	Processing Component: SolutionPluginAssemblies
2021-11-19 15:17:59.971 - Info	Processing Component: EntityDataProviders
2021-11-19 15:17:59.991 - Info	
Unmanaged Pack complete.

